make all --print-data-base --no-builtin-variables --no-builtin-rules --question
# GNU Make 3.81
# Copyright (C) 2006  Free Software Foundation, Inc.
# This is free software; see the source for copying conditions.
# There is NO warranty; not even for MERCHANTABILITY or FITNESS FOR A
# PARTICULAR PURPOSE.

# This program built for i386-apple-darwin11.3.0
 

# Make data base, printed on Fri Jul 15 12:05:11 2022

# Variables

# automatic
<D = $(patsubst %/,%,$(dir $<))
# automatic
?F = $(notdir $?)
# environment
VSCODE_LOG_NATIVE = false
# automatic
?D = $(patsubst %/,%,$(dir $?))
# makefile (from `Makefile', line 15)
DIR_SRC = src/
# automatic
@D = $(patsubst %/,%,$(dir $@))
# automatic
@F = $(notdir $@)
# makefile
CURDIR := /Users/rdanyell/Desktop/minirt_rdan1407
 
# makefile
SHELL = /bin/sh
# makefile (from `Makefile', line 45)
RM = rm -f
# environment
VSCODE_NLS_CONFIG = {"locale":"en-us","availableLanguages":{},"_languagePackSupport":true}
# makefile (from `Makefile', line 48)
MLX = libmlx.a
# makefile (from `Makefile', line 30)
DIR_PARSE = parser/
# environment
_ = /usr/bin/make
# makefile (from `Makefile', line 44)
CFLAGS = -Wall -Wextra -Werror -g
# makefile (from `Makefile', line 1)
MAKEFILE_LIST :=  Makefile
# environment
VSCODE_VERBOSE_LOGGING = true
# environment
VSCODE_IPC_HOOK_EXTHOST = /var/folders/zz/zyxvpxvq6csfxvn_n0001y6w000gjq/T/vscode-ipc-aeca6684-04e7-45ae-866d-4c3b617cd9ea.sock
# environment
VSCODE_CWD = /
# environment
Apple_PubSub_Socket_Render = /private/tmp/com.apple.launchd.4jKZeNvNOO/Render
# environment
PATH = /Users/rdanyell/.brew/bin:/usr/local/bin:/usr/bin:/bin:/usr/sbin:/sbin:/usr/local/go/bin:/usr/local/munki:/opt/X11/bin
# makefile (from `Makefile', line 38)
SRCS_SRC = $(addprefix $(DIR_SRC), $(FILES_SRC))
# makefile (from `Makefile', line 1)
NAME_RT = miniRT
# makefile (from `Makefile', line 49)
MLX_PATH = mlx_1/
# environment
VSCODE_LOG_STACK = false
# environment
ELECTRON_RUN_AS_NODE = 1
# default
.FEATURES := target-specific order-only second-expansion else-if archives jobserver check-symlink
# environment
SSH_AUTH_SOCK = /private/tmp/com.apple.launchd.wu4FLVMT7L/Listeners
# automatic
%F = $(notdir $%)
# environment
HOMEBREW_TEMP = /tmp/rdanyell/Homebrew/Temp
# environment
DISPLAY = /private/tmp/com.apple.launchd.6OmADWtPCj/org.xquartz:0
# environment
VSCODE_PIPE_LOGGING = true
# environment
PWD = /Users/rdanyell/Desktop/minirt_rdan1407
# environment
ORIGINAL_XDG_CURRENT_DESKTOP = undefined
# environment
VSCODE_AMD_ENTRYPOINT = vs/workbench/api/node/extensionHostProcess
# environment
HOME = /Users/rdanyell
# default
MAKEFILEPATH := /Applications/Xcode.app/Contents/Developer/Makefiles
# environment
VSCODE_CODE_CACHE_PATH = /Users/rdanyell/Library/Application Support/Code/CachedData/30d9c6cd9483b2cc586687151bcbcd635f373630
# environment
LOGNAME = rdanyell
# environment
APPLICATION_INSIGHTS_NO_DIAGNOSTIC_CHANNEL = 1
# makefile (from `Makefile', line 4)
HEADER_RT = $(addprefix includes/, draw.h key_def.h minirt.h parser.h )
# environment
VSCODE_HANDLES_UNCAUGHT_ERRORS = true
# automatic
^D = $(patsubst %/,%,$(dir $^))
# environment
XPC_FLAGS = 0x0
# default
MAKE = $(MAKE_COMMAND)
# default
MAKECMDGOALS := all
# environment
HOMEBREW_CACHE = /tmp/rdanyell/Homebrew/Caches
# environment
SHLVL = 1
# makefile (from `Makefile', line 13)
LIBFT = $(DIR_LIB)libft.a
# makefile (from `Makefile', line 43)
CC = cc
# default
MAKE_VERSION := 3.81
# environment
USER = rdanyell
# makefile
.DEFAULT_GOAL := all
# makefile (from `Makefile', line 12)
DIR_LIB = libft/
# automatic
%D = $(patsubst %/,%,$(dir $%))
# makefile (from `Makefile', line 40)
OBJS_SRC = $(addprefix objects/, $(FILES_SRC:%.c=%.o) $(FILES_PARSE:%.c=%.o))
# default
MAKE_COMMAND := /Applications/Xcode.app/Contents/Developer/usr/bin/make
# makefile (from `Makefile', line 16)
FILES_SRC = main.c print_structs.c free_all.c draw.c vector.c intersect.c intersect_utils.c color.c dist_obj.c shadow.c shadow_intersect.c key_hook.c mouse_hook.c 
# default
.VARIABLES := 
# environment
TMPDIR = /var/folders/zz/zyxvpxvq6csfxvn_n0001y6w000gjq/T/
# automatic
*F = $(notdir $*)
# environment
VSCODE_IPC_HOOK = /Users/rdanyell/Library/Application Support/Code/1.68.1-main.sock
# makefile (from `Makefile', line 3)
INCLUDES_RT = includes/
# makefile
MAKEFLAGS = Rrqp
# makefile (from `Makefile', line 31)
FILES_PARSE = parser.c validation.c init_parser.c init_parser2.c fill_obj.c fill_scene.c 
# environment
MFLAGS = -Rrqp
# automatic
*D = $(patsubst %/,%,$(dir $*))
# environment
XPC_SERVICE_NAME = com.microsoft.VSCode.1264
# automatic
+D = $(patsubst %/,%,$(dir $+))
# automatic
+F = $(notdir $+)
# environment
__CF_USER_TEXT_ENCODING = 0x3E37:0x0:0x0
# default
MAKEFILES := 
# automatic
<F = $(notdir $<)
# makefile (from `Makefile', line 50)
MLX_FLAGS = -framework OpenGL -framework AppKit
# environment
LC_ALL = C
# automatic
^F = $(notdir $^)
# default
SUFFIXES := 
# default
.INCLUDE_DIRS = /usr/local/include
# environment
MAKELEVEL := 0
# makefile (from `Makefile', line 39)
SRCS_PARSE = $(addprefix $(DIR_PARSE), $(FILES_PARSE))
# environment
LANG = C
# environment
VSCODE_PID = 56630
# variable set hash-table stats:
# Load=82/1024=8%, Rehash=0, Collisions=2/129=2%

# Pattern-specific Variable Values

# No pattern-specific variable values.

# Directories

# . (device 16777227, inode 1952348): 14 files, no impossibilities.

# 14 files, no impossibilities in 1 directories.

# Implicit Rules

objects/%.o: src/%.c libft/libft.a includes/draw.h includes/key_def.h includes/minirt.h includes/parser.h mlx_1/libmlx.a Makefile
#  commands to execute (from `Makefile', line 67):
	$(CC) $(CFLAGS) -I $(INCLUDES_RT) -c $< -o $@
	

objects/%.o: parser/%.c libft/libft.a includes/draw.h includes/key_def.h includes/minirt.h includes/parser.h mlx_1/libmlx.a Makefile
#  commands to execute (from `Makefile', line 70):
	$(CC) $(CFLAGS) -I $(INCLUDES_RT) -c $< -o $@
	

# 2 implicit rules, 0 (0.0%) terminal.

# Files

 
all: mlx libft miniRT
#  Phony target (prerequisite of .PHONY).
#  Command-line target.
#  Implicit rule search has not been done.
#  File does not exist.
#  File has been updated.
#  Needs to be updated (-q is set).
# variable set hash-table stats:
# Load=0/32=0%, Rehash=0, Collisions=0/6=0%

mlx:
#  Phony target (prerequisite of .PHONY).
#  Implicit rule search has not been done.
#  Implicit/static pattern stem: `'
#  File does not exist.
#  File has been updated.
#  Needs to be updated (-q is set).
# automatic
# @ := mlx
# automatic
# % := 
# automatic
# * := 
# automatic
# + := 
# automatic
# | := 
# automatic
# < := 
# automatic
# ^ := 
# automatic
# ? := 
# variable set hash-table stats:
# Load=8/32=25%, Rehash=0, Collisions=3/14=21%
#  commands to execute (from `Makefile', line 57):
	@make -C $(MLX_PATH)
	echo "$(OBJS_SRC)"
	

.PHONY: all clean fclean re libft mlx norm
#  Implicit rule search has not been done.
#  Modification time never checked.
#  File has not been updated.

# Not a target:
objects/intersect.o:
#  Implicit rule search has not been done.
#  Modification time never checked.
#  File has not been updated.

# Not a target:
objects/fill_scene.o:
#  Implicit rule search has not been done.
#  Modification time never checked.
#  File has not been updated.

# Not a target:
objects/print_structs.o:
#  Implicit rule search has not been done.
#  Modification time never checked.
#  File has not been updated.

libft:
#  Phony target (prerequisite of .PHONY).
#  Implicit rule search has not been done.
#  File does not exist.
#  File has not been updated.
#  commands to execute (from `Makefile', line 61):
	@make -C $(DIR_LIB)
	

# Not a target:
objects/init_parser2.o:
#  Implicit rule search has not been done.
#  Modification time never checked.
#  File has not been updated.

# Not a target:
.SUFFIXES:
#  Implicit rule search has not been done.
#  Modification time never checked.
#  File has not been updated.

miniRT: objects/main.o objects/print_structs.o objects/free_all.o objects/draw.o objects/vector.o objects/intersect.o objects/intersect_utils.o objects/color.o objects/dist_obj.o objects/shadow.o objects/shadow_intersect.o objects/key_hook.o objects/mouse_hook.o objects/parser.o objects/validation.o objects/init_parser.o objects/init_parser2.o objects/fill_obj.o objects/fill_scene.o mlx_1/libmlx.a
#  Implicit rule search has not been done.
#  Modification time never checked.
#  File has not been updated.
#  commands to execute (from `Makefile', line 64):
	$(CC) $(OBJS_SRC) $(LIBFT) $(MLX_PATH)$(MLX) $(MLX_FLAGS) -o $@
	

# Not a target:
Makefile:
#  Implicit rule search has been done.
#  Last modified 2022-07-15 12:04:08
#  File has been updated.
#  Successfully updated.
# variable set hash-table stats:
# Load=0/32=0%, Rehash=0, Collisions=0/0=0%

# Not a target:
objects/free_all.o:
#  Implicit rule search has not been done.
#  Modification time never checked.
#  File has not been updated.

# Not a target:
objects/fill_obj.o:
#  Implicit rule search has not been done.
#  Modification time never checked.
#  File has not been updated.

fclean: clean
#  Phony target (prerequisite of .PHONY).
#  Implicit rule search has not been done.
#  File does not exist.
#  File has not been updated.
#  commands to execute (from `Makefile', line 77):
	$(RM) $(NAME_RT)
	make -C $(DIR_LIB) fclean
	

# Not a target:
objects/vector.o:
#  Implicit rule search has not been done.
#  Modification time never checked.
#  File has not been updated.

norm:
#  Phony target (prerequisite of .PHONY).
#  Implicit rule search has not been done.
#  File does not exist.
#  File has not been updated.
#  commands to execute (from `Makefile', line 83):
	norminette includes
	norminette libft
	norminette parser
	norminette src
	

# Not a target:
objects/draw.o:
#  Implicit rule search has not been done.
#  Modification time never checked.
#  File has not been updated.

# Not a target:
.DEFAULT:
#  Implicit rule search has not been done.
#  Modification time never checked.
#  File has not been updated.

# Not a target:
objects/validation.o:
#  Implicit rule search has not been done.
#  Modification time never checked.
#  File has not been updated.

# Not a target:
objects/parser.o:
#  Implicit rule search has not been done.
#  Modification time never checked.
#  File has not been updated.

re: fclean all
#  Phony target (prerequisite of .PHONY).
#  Implicit rule search has not been done.
#  File does not exist.
#  File has not been updated.

clean:
#  Phony target (prerequisite of .PHONY).
#  Implicit rule search has not been done.
#  File does not exist.
#  File has not been updated.
#  commands to execute (from `Makefile', line 73):
	$(RM)  $(OBJS_SRC)
	make -C $(DIR_LIB) clean
	

# Not a target:
objects/key_hook.o:
#  Implicit rule search has not been done.
#  Modification time never checked.
#  File has not been updated.

# Not a target:
mlx_1/libmlx.a:
#  Implicit rule search has not been done.
#  Modification time never checked.
#  File has not been updated.

# Not a target:
objects/intersect_utils.o:
#  Implicit rule search has not been done.
#  Modification time never checked.
#  File has not been updated.

# Not a target:
objects/init_parser.o:
#  Implicit rule search has not been done.
#  Modification time never checked.
#  File has not been updated.

# Not a target:
objects/shadow.o:
#  Implicit rule search has not been done.
#  Modification time never checked.
#  File has not been updated.

# Not a target:
objects/main.o:
#  Implicit rule search has not been done.
#  Modification time never checked.
#  File has not been updated.

# Not a target:
objects/mouse_hook.o:
#  Implicit rule search has not been done.
#  Modification time never checked.
#  File has not been updated.

# Not a target:
objects/shadow_intersect.o:
#  Implicit rule search has not been done.
#  Modification time never checked.
#  File has not been updated.

# Not a target:
objects/dist_obj.o:
#  Implicit rule search has not been done.
#  Modification time never checked.
#  File has not been updated.

# Not a target:
objects/color.o:
#  Implicit rule search has not been done.
#  Modification time never checked.
#  File has not been updated.

# files hash-table stats:
# Load=32/1024=3%, Rehash=0, Collisions=0/79=0%
# VPATH Search Paths

# No `vpath' search paths.

# No general (`VPATH' variable) search path.

# # of strings in strcache: 1
# # of strcache buffers: 1
# strcache size: total = 4096 / max = 4096 / min = 4096 / avg = 4096
# strcache free: total = 4087 / max = 4087 / min = 4087 / avg = 4087

# Finished Make data base on Fri Jul 15 12:05:11 2022

 
